<?xml version="1.0" encoding="UTF-8"?>
<coverage generated="1724189069">
  <project timestamp="1724189069">
    <file name="/home/runner/work/forms/forms/src/FormsDataBinder.php">
      <class name="Javaabu\Forms\FormsDataBinder" namespace="global">
        <metrics complexity="3" methods="3" coveredmethods="3" conditionals="0" coveredconditionals="0" statements="3" coveredstatements="3" elements="6" coveredelements="6"/>
      </class>
      <line num="20" type="method" name="bind" visibility="public" complexity="1" crap="1" count="46"/>
      <line num="22" type="stmt" count="46"/>
      <line num="30" type="method" name="get" visibility="public" complexity="1" crap="1" count="86"/>
      <line num="32" type="stmt" count="86"/>
      <line num="40" type="method" name="pop" visibility="public" complexity="1" crap="1" count="9"/>
      <line num="42" type="stmt" count="9"/>
      <metrics loc="45" ncloc="26" classes="1" methods="3" coveredmethods="3" conditionals="0" coveredconditionals="0" statements="3" coveredstatements="3" elements="6" coveredelements="6"/>
    </file>
    <file name="/home/runner/work/forms/forms/src/FormsServiceProvider.php">
      <class name="Javaabu\Forms\FormsServiceProvider" namespace="global">
        <metrics complexity="3" methods="2" coveredmethods="2" conditionals="0" coveredconditionals="0" statements="22" coveredstatements="22" elements="24" coveredelements="24"/>
      </class>
      <line num="14" type="method" name="boot" visibility="public" complexity="2" crap="2" count="142"/>
      <line num="17" type="stmt" count="142"/>
      <line num="18" type="stmt" count="142"/>
      <line num="19" type="stmt" count="142"/>
      <line num="20" type="stmt" count="142"/>
      <line num="22" type="stmt" count="142"/>
      <line num="23" type="stmt" count="142"/>
      <line num="24" type="stmt" count="142"/>
      <line num="26" type="stmt" count="142"/>
      <line num="27" type="stmt" count="142"/>
      <line num="28" type="stmt" count="142"/>
      <line num="31" type="stmt" count="142"/>
      <line num="33" type="stmt" count="142"/>
      <line num="36" type="stmt" count="142"/>
      <line num="37" type="stmt" count="6"/>
      <line num="38" type="stmt" count="142"/>
      <line num="40" type="stmt" count="142"/>
      <line num="41" type="stmt" count="6"/>
      <line num="42" type="stmt" count="142"/>
      <line num="44" type="stmt" count="142"/>
      <line num="50" type="method" name="register" visibility="public" complexity="1" crap="1" count="142"/>
      <line num="53" type="stmt" count="142"/>
      <line num="56" type="stmt" count="142"/>
      <line num="58" type="stmt" count="142"/>
      <metrics loc="61" ncloc="51" classes="1" methods="2" coveredmethods="2" conditionals="0" coveredconditionals="0" statements="22" coveredstatements="22" elements="24" coveredelements="24"/>
    </file>
    <file name="/home/runner/work/forms/forms/src/Http/Middleware/OverrideFormsDefaults.php">
      <class name="Javaabu\Forms\Http\Middleware\OverrideFormsDefaults" namespace="global">
        <metrics complexity="1" methods="1" coveredmethods="1" conditionals="0" coveredconditionals="0" statements="4" coveredstatements="4" elements="5" coveredelements="5"/>
      </class>
      <line num="19" type="method" name="handle" visibility="public" complexity="1" crap="1" count="1"/>
      <line num="21" type="stmt" count="1"/>
      <line num="22" type="stmt" count="1"/>
      <line num="23" type="stmt" count="1"/>
      <line num="25" type="stmt" count="1"/>
      <metrics loc="28" ncloc="20" classes="1" methods="1" coveredmethods="1" conditionals="0" coveredconditionals="0" statements="4" coveredstatements="4" elements="5" coveredelements="5"/>
    </file>
    <file name="/home/runner/work/forms/forms/src/Support/FormatsValues.php">
      <class name="Javaabu\Forms\Support\FormatsValues" namespace="global">
        <metrics complexity="12" methods="4" coveredmethods="2" conditionals="0" coveredconditionals="0" statements="10" coveredstatements="8" elements="14" coveredelements="10"/>
      </class>
      <line num="10" type="method" name="getEnumLabel" visibility="public" complexity="3" crap="3.33" count="4"/>
      <line num="12" type="stmt" count="4"/>
      <line num="13" type="stmt" count="4"/>
      <line num="16" type="stmt" count="0"/>
      <line num="19" type="method" name="isStatusEnum" visibility="public" complexity="2" crap="2" count="18"/>
      <line num="21" type="stmt" count="18"/>
      <line num="24" type="method" name="isAdminModel" visibility="public" complexity="2" crap="2" count="18"/>
      <line num="26" type="stmt" count="18"/>
      <line num="29" type="method" name="formatValue" visibility="public" complexity="5" crap="5.20" count="7"/>
      <line num="31" type="stmt" count="7"/>
      <line num="32" type="stmt" count="1"/>
      <line num="33" type="stmt" count="6"/>
      <line num="34" type="stmt" count="0"/>
      <line num="37" type="stmt" count="6"/>
      <metrics loc="40" ncloc="40" classes="1" methods="4" coveredmethods="2" conditionals="0" coveredconditionals="0" statements="10" coveredstatements="8" elements="14" coveredelements="10"/>
    </file>
    <file name="/home/runner/work/forms/forms/src/Support/HandlesBoundValues.php">
      <class name="Javaabu\Forms\Support\HandlesBoundValues" namespace="global">
        <metrics complexity="22" methods="7" coveredmethods="3" conditionals="0" coveredconditionals="0" statements="49" coveredstatements="34" elements="56" coveredelements="37"/>
      </class>
      <line num="34" type="method" name="getFormsDataBinder" visibility="protected" complexity="1" crap="1" count="84"/>
      <line num="36" type="stmt" count="84"/>
      <line num="42" type="method" name="bindModel" visibility="protected" complexity="2" crap="2" count="45"/>
      <line num="44" type="stmt" count="45"/>
      <line num="45" type="stmt" count="36"/>
      <line num="47" type="stmt" count="13"/>
      <line num="50" type="stmt" count="45"/>
      <line num="58" type="method" name="getBoundTarget" visibility="protected" complexity="1" crap="1" count="84"/>
      <line num="60" type="stmt" count="84"/>
      <line num="70" type="method" name="getBoundValue" visibility="protected" complexity="6" crap="6.05" count="69"/>
      <line num="72" type="stmt" count="69"/>
      <line num="73" type="stmt" count="0"/>
      <line num="76" type="stmt" count="69"/>
      <line num="78" type="stmt" count="69"/>
      <line num="79" type="stmt" count="4"/>
      <line num="82" type="stmt" count="69"/>
      <line num="84" type="stmt" count="69"/>
      <line num="85" type="stmt" count="4"/>
      <line num="88" type="stmt" count="69"/>
      <line num="99" type="method" name="formatDateTime" visibility="protected" complexity="6" crap="21.19" count="4"/>
      <line num="101" type="stmt" count="4"/>
      <line num="102" type="stmt" count="4"/>
      <line num="105" type="stmt" count="0"/>
      <line num="107" type="stmt" count="0"/>
      <line num="108" type="stmt" count="0"/>
      <line num="111" type="stmt" count="0"/>
      <line num="112" type="stmt" count="0"/>
      <line num="115" type="stmt" count="0"/>
      <line num="124" type="method" name="isCustomDateTimeCast" visibility="protected" complexity="1" crap="2" count="0"/>
      <line num="126" type="stmt" count="0"/>
      <line num="127" type="stmt" count="0"/>
      <line num="128" type="stmt" count="0"/>
      <line num="129" type="stmt" count="0"/>
      <line num="130" type="stmt" count="0"/>
      <line num="131" type="stmt" count="0"/>
      <line num="141" type="method" name="getAttachedKeysFromRelation" visibility="protected" complexity="5" crap="5.03" count="4"/>
      <line num="143" type="stmt" count="4"/>
      <line num="144" type="stmt" count="0"/>
      <line num="147" type="stmt" count="4"/>
      <line num="149" type="stmt" count="4"/>
      <line num="151" type="stmt" count="4"/>
      <line num="152" type="stmt" count="1"/>
      <line num="154" type="stmt" count="1"/>
      <line num="157" type="stmt" count="3"/>
      <line num="158" type="stmt" count="2"/>
      <line num="160" type="stmt" count="2"/>
      <line num="161" type="stmt" count="2"/>
      <line num="162" type="stmt" count="2"/>
      <line num="163" type="stmt" count="2"/>
      <line num="166" type="stmt" count="1"/>
      <line num="167" type="stmt" count="1"/>
      <line num="169" type="stmt" count="1"/>
      <line num="170" type="stmt" count="1"/>
      <line num="171" type="stmt" count="1"/>
      <line num="172" type="stmt" count="1"/>
      <line num="175" type="stmt" count="0"/>
      <metrics loc="178" ncloc="128" classes="1" methods="7" coveredmethods="3" conditionals="0" coveredconditionals="0" statements="49" coveredstatements="34" elements="56" coveredelements="37"/>
    </file>
    <file name="/home/runner/work/forms/forms/src/Support/HandlesDefaultAndOldValue.php">
      <class name="Javaabu\Forms\Support\HandlesDefaultAndOldValue" namespace="global">
        <metrics complexity="3" methods="2" coveredmethods="2" conditionals="0" coveredconditionals="0" statements="5" coveredstatements="5" elements="7" coveredelements="7"/>
      </class>
      <line num="9" type="method" name="getValue" visibility="protected" complexity="2" crap="2" count="44"/>
      <line num="11" type="stmt" count="44"/>
      <line num="13" type="stmt" count="44"/>
      <line num="15" type="stmt" count="44"/>
      <line num="17" type="stmt" count="44"/>
      <line num="20" type="method" name="setValue" visibility="protected" complexity="1" crap="1" count="44"/>
      <line num="22" type="stmt" count="44"/>
      <metrics loc="25" ncloc="25" classes="1" methods="2" coveredmethods="2" conditionals="0" coveredconditionals="0" statements="5" coveredstatements="5" elements="7" coveredelements="7"/>
    </file>
    <file name="/home/runner/work/forms/forms/src/Support/HandlesMediaValues.php">
      <class name="Javaabu\Forms\Support\HandlesMediaValues" namespace="global">
        <metrics complexity="16" methods="4" coveredmethods="2" conditionals="0" coveredconditionals="0" statements="22" coveredstatements="20" elements="26" coveredelements="22"/>
      </class>
      <line num="12" type="method" name="getBoundValue" visibility="protected" complexity="6" crap="6.10" count="14"/>
      <line num="14" type="stmt" count="14"/>
      <line num="15" type="stmt" count="0"/>
      <line num="18" type="stmt" count="14"/>
      <line num="21" type="stmt" count="14"/>
      <line num="24" type="stmt" count="14"/>
      <line num="25" type="stmt" count="10"/>
      <line num="28" type="stmt" count="4"/>
      <line num="31" type="method" name="setValue" visibility="protected" complexity="3" crap="3" count="14"/>
      <line num="33" type="stmt" count="14"/>
      <line num="35" type="stmt" count="14"/>
      <line num="37" type="stmt" count="14"/>
      <line num="39" type="stmt" count="14"/>
      <line num="41" type="stmt" count="14"/>
      <line num="43" type="stmt" count="14"/>
      <line num="46" type="method" name="getFileNameFromUrl" visibility="protected" complexity="2" crap="2" count="5"/>
      <line num="48" type="stmt" count="5"/>
      <line num="49" type="stmt" count="3"/>
      <line num="50" type="stmt" count="3"/>
      <line num="53" type="stmt" count="2"/>
      <line num="56" type="method" name="getFileUrl" visibility="protected" complexity="5" crap="5.20" count="14"/>
      <line num="58" type="stmt" count="14"/>
      <line num="59" type="stmt" count="9"/>
      <line num="60" type="stmt" count="0"/>
      <line num="63" type="stmt" count="9"/>
      <line num="66" type="stmt" count="5"/>
      <metrics loc="69" ncloc="67" classes="1" methods="4" coveredmethods="2" conditionals="0" coveredconditionals="0" statements="22" coveredstatements="20" elements="26" coveredelements="22"/>
    </file>
    <file name="/home/runner/work/forms/forms/src/Support/HandlesValidationErrors.php">
      <class name="Javaabu\Forms\Support\HandlesValidationErrors" namespace="global">
        <metrics complexity="5" methods="3" coveredmethods="3" conditionals="0" coveredconditionals="0" statements="8" coveredstatements="8" elements="11" coveredelements="11"/>
      </class>
      <line num="22" type="method" name="hasErrorAndShow" visibility="public" complexity="2" crap="2" count="73"/>
      <line num="24" type="stmt" count="73"/>
      <line num="25" type="stmt" count="73"/>
      <line num="26" type="stmt" count="73"/>
      <line num="35" type="method" name="getErrorBag" visibility="protected" complexity="1" crap="1" count="73"/>
      <line num="37" type="stmt" count="73"/>
      <line num="39" type="stmt" count="73"/>
      <line num="49" type="method" name="hasError" visibility="public" complexity="2" crap="2" count="73"/>
      <line num="51" type="stmt" count="73"/>
      <line num="53" type="stmt" count="73"/>
      <line num="55" type="stmt" count="73"/>
      <metrics loc="58" ncloc="37" classes="1" methods="3" coveredmethods="3" conditionals="0" coveredconditionals="0" statements="8" coveredstatements="8" elements="11" coveredelements="11"/>
    </file>
    <file name="/home/runner/work/forms/forms/src/Support/Icons/FontAwesomeIcons.php">
      <class name="Javaabu\Forms\Support\Icons\FontAwesomeIcons" namespace="global">
        <metrics complexity="0" methods="0" coveredmethods="0" conditionals="0" coveredconditionals="0" statements="0" coveredstatements="0" elements="0" coveredelements="0"/>
      </class>
      <metrics loc="1835" ncloc="1829" classes="0" methods="0" coveredmethods="0" conditionals="0" coveredconditionals="0" statements="0" coveredstatements="0" elements="0" coveredelements="0"/>
    </file>
    <file name="/home/runner/work/forms/forms/src/Support/Icons/HasIcon.php">
      <class name="Javaabu\Forms\Support\Icons\HasIcon" namespace="global">
        <metrics complexity="9" methods="6" coveredmethods="0" conditionals="0" coveredconditionals="0" statements="14" coveredstatements="0" elements="20" coveredelements="0"/>
      </class>
      <line num="10" type="method" name="iconsClass" visibility="public" complexity="1" crap="2" count="0"/>
      <line num="12" type="stmt" count="0"/>
      <line num="15" type="method" name="getIcons" visibility="public" complexity="1" crap="2" count="0"/>
      <line num="17" type="stmt" count="0"/>
      <line num="19" type="stmt" count="0"/>
      <line num="22" type="method" name="getIconKeys" visibility="public" complexity="1" crap="2" count="0"/>
      <line num="24" type="stmt" count="0"/>
      <line num="26" type="stmt" count="0"/>
      <line num="34" type="method" name="setIconAttribute" visibility="public" complexity="2" crap="6" count="0"/>
      <line num="36" type="stmt" count="0"/>
      <line num="39" type="method" name="getIconClass" visibility="public" complexity="1" crap="2" count="0"/>
      <line num="41" type="stmt" count="0"/>
      <line num="43" type="stmt" count="0"/>
      <line num="46" type="method" name="getIconClassAttribute" visibility="public" complexity="3" crap="12" count="0"/>
      <line num="48" type="stmt" count="0"/>
      <line num="50" type="stmt" count="0"/>
      <line num="51" type="stmt" count="0"/>
      <line num="54" type="stmt" count="0"/>
      <line num="55" type="stmt" count="0"/>
      <line num="58" type="stmt" count="0"/>
      <metrics loc="61" ncloc="53" classes="1" methods="6" coveredmethods="0" conditionals="0" coveredconditionals="0" statements="14" coveredstatements="0" elements="20" coveredelements="0"/>
    </file>
    <file name="/home/runner/work/forms/forms/src/Support/Icons/Icons.php">
      <class name="Javaabu\Forms\Support\Icons\Icons" namespace="global">
        <metrics complexity="5" methods="4" coveredmethods="0" conditionals="0" coveredconditionals="0" statements="7" coveredstatements="0" elements="11" coveredelements="0"/>
      </class>
      <line num="22" type="method" name="getIcons" visibility="public" complexity="1" crap="2" count="0"/>
      <line num="24" type="stmt" count="0"/>
      <line num="32" type="method" name="getIconPrefix" visibility="public" complexity="1" crap="2" count="0"/>
      <line num="34" type="stmt" count="0"/>
      <line num="43" type="method" name="getIconClass" visibility="public" complexity="2" crap="6" count="0"/>
      <line num="45" type="stmt" count="0"/>
      <line num="47" type="stmt" count="0"/>
      <line num="48" type="stmt" count="0"/>
      <line num="51" type="stmt" count="0"/>
      <line num="59" type="method" name="getKeys" visibility="public" complexity="1" crap="2" count="0"/>
      <line num="61" type="stmt" count="0"/>
      <metrics loc="64" ncloc="37" classes="1" methods="4" coveredmethods="0" conditionals="0" coveredconditionals="0" statements="7" coveredstatements="0" elements="11" coveredelements="0"/>
    </file>
    <file name="/home/runner/work/forms/forms/src/Views/Components/BooleanEntry.php">
      <class name="Javaabu\Forms\Views\Components\BooleanEntry" namespace="global">
        <metrics complexity="3" methods="1" coveredmethods="0" conditionals="0" coveredconditionals="0" statements="13" coveredstatements="12" elements="14" coveredelements="12"/>
      </class>
      <line num="12" type="method" name="__construct" visibility="public" complexity="3" crap="3.00" count="1"/>
      <line num="21" type="stmt" count="1"/>
      <line num="22" type="stmt" count="1"/>
      <line num="23" type="stmt" count="1"/>
      <line num="24" type="stmt" count="1"/>
      <line num="25" type="stmt" count="1"/>
      <line num="26" type="stmt" count="1"/>
      <line num="27" type="stmt" count="1"/>
      <line num="28" type="stmt" count="1"/>
      <line num="29" type="stmt" count="1"/>
      <line num="30" type="stmt" count="1"/>
      <line num="32" type="stmt" count="1"/>
      <line num="33" type="stmt" count="0"/>
      <line num="35" type="stmt" count="1"/>
      <metrics loc="39" ncloc="34" classes="1" methods="1" coveredmethods="0" conditionals="0" coveredconditionals="0" statements="13" coveredstatements="12" elements="14" coveredelements="12"/>
    </file>
    <file name="/home/runner/work/forms/forms/src/Views/Components/BulkActions.php">
      <class name="Javaabu\Forms\Views\Components\BulkActions" namespace="global">
        <metrics complexity="1" methods="1" coveredmethods="1" conditionals="0" coveredconditionals="0" statements="3" coveredstatements="3" elements="4" coveredelements="4"/>
      </class>
      <line num="21" type="method" name="__construct" visibility="public" complexity="1" crap="1" count="2"/>
      <line num="26" type="stmt" count="2"/>
      <line num="28" type="stmt" count="2"/>
      <line num="29" type="stmt" count="2"/>
      <metrics loc="32" ncloc="27" classes="1" methods="1" coveredmethods="1" conditionals="0" coveredconditionals="0" statements="3" coveredstatements="3" elements="4" coveredelements="4"/>
    </file>
    <file name="/home/runner/work/forms/forms/src/Views/Components/Button.php">
      <class name="Javaabu\Forms\Views\Components\Button" namespace="global">
        <metrics complexity="1" methods="1" coveredmethods="1" conditionals="0" coveredconditionals="0" statements="3" coveredstatements="3" elements="4" coveredelements="4"/>
      </class>
      <line num="17" type="method" name="__construct" visibility="public" complexity="1" crap="1" count="29"/>
      <line num="23" type="stmt" count="29"/>
      <line num="25" type="stmt" count="29"/>
      <line num="26" type="stmt" count="29"/>
      <metrics loc="29" ncloc="24" classes="1" methods="1" coveredmethods="1" conditionals="0" coveredconditionals="0" statements="3" coveredstatements="3" elements="4" coveredelements="4"/>
    </file>
    <file name="/home/runner/work/forms/forms/src/Views/Components/ButtonGroup.php">
      <class name="Javaabu\Forms\Views\Components\ButtonGroup" namespace="global">
        <metrics complexity="1" methods="1" coveredmethods="1" conditionals="0" coveredconditionals="0" statements="2" coveredstatements="2" elements="3" coveredelements="3"/>
      </class>
      <line num="15" type="method" name="__construct" visibility="public" complexity="1" crap="1" count="2"/>
      <line num="19" type="stmt" count="2"/>
      <line num="21" type="stmt" count="2"/>
      <metrics loc="24" ncloc="19" classes="1" methods="1" coveredmethods="1" conditionals="0" coveredconditionals="0" statements="2" coveredstatements="2" elements="3" coveredelements="3"/>
    </file>
    <file name="/home/runner/work/forms/forms/src/Views/Components/Card.php">
      <class name="Javaabu\Forms\Views\Components\Card" namespace="global">
        <metrics complexity="1" methods="1" coveredmethods="1" conditionals="0" coveredconditionals="0" statements="2" coveredstatements="2" elements="3" coveredelements="3"/>
      </class>
      <line num="16" type="method" name="__construct" visibility="public" complexity="1" crap="1" count="11"/>
      <line num="20" type="stmt" count="11"/>
      <line num="22" type="stmt" count="11"/>
      <metrics loc="25" ncloc="20" classes="1" methods="1" coveredmethods="1" conditionals="0" coveredconditionals="0" statements="2" coveredstatements="2" elements="3" coveredelements="3"/>
    </file>
    <file name="/home/runner/work/forms/forms/src/Views/Components/Card/Footer.php">
      <class name="Javaabu\Forms\Views\Components\Card\Footer" namespace="global">
        <metrics complexity="0" methods="0" coveredmethods="0" conditionals="0" coveredconditionals="0" statements="0" coveredstatements="0" elements="0" coveredelements="0"/>
      </class>
      <metrics loc="11" ncloc="11" classes="0" methods="0" coveredmethods="0" conditionals="0" coveredconditionals="0" statements="0" coveredstatements="0" elements="0" coveredelements="0"/>
    </file>
    <file name="/home/runner/work/forms/forms/src/Views/Components/Card/Header.php">
      <class name="Javaabu\Forms\Views\Components\Card\Header" namespace="global">
        <metrics complexity="0" methods="0" coveredmethods="0" conditionals="0" coveredconditionals="0" statements="0" coveredstatements="0" elements="0" coveredelements="0"/>
      </class>
      <metrics loc="11" ncloc="11" classes="0" methods="0" coveredmethods="0" conditionals="0" coveredconditionals="0" statements="0" coveredstatements="0" elements="0" coveredelements="0"/>
    </file>
    <file name="/home/runner/work/forms/forms/src/Views/Components/Card/Subtitle.php">
      <class name="Javaabu\Forms\Views\Components\Card\Subtitle" namespace="global">
        <metrics complexity="0" methods="0" coveredmethods="0" conditionals="0" coveredconditionals="0" statements="0" coveredstatements="0" elements="0" coveredelements="0"/>
      </class>
      <metrics loc="11" ncloc="11" classes="0" methods="0" coveredmethods="0" conditionals="0" coveredconditionals="0" statements="0" coveredstatements="0" elements="0" coveredelements="0"/>
    </file>
    <file name="/home/runner/work/forms/forms/src/Views/Components/Card/Title.php">
      <class name="Javaabu\Forms\Views\Components\Card\Title" namespace="global">
        <metrics complexity="0" methods="0" coveredmethods="0" conditionals="0" coveredconditionals="0" statements="0" coveredstatements="0" elements="0" coveredelements="0"/>
      </class>
      <metrics loc="11" ncloc="11" classes="0" methods="0" coveredmethods="0" conditionals="0" coveredconditionals="0" statements="0" coveredstatements="0" elements="0" coveredelements="0"/>
    </file>
    <file name="/home/runner/work/forms/forms/src/Views/Components/Checkbox.php">
      <class name="Javaabu\Forms\Views\Components\Checkbox" namespace="global">
        <metrics complexity="6" methods="1" coveredmethods="0" conditionals="0" coveredconditionals="0" statements="25" coveredstatements="21" elements="26" coveredelements="21"/>
      </class>
      <line num="20" type="method" name="__construct" visibility="public" complexity="6" crap="6.15" count="8"/>
      <line num="33" type="stmt" count="8"/>
      <line num="34" type="stmt" count="8"/>
      <line num="35" type="stmt" count="8"/>
      <line num="36" type="stmt" count="8"/>
      <line num="37" type="stmt" count="8"/>
      <line num="38" type="stmt" count="8"/>
      <line num="39" type="stmt" count="8"/>
      <line num="40" type="stmt" count="8"/>
      <line num="41" type="stmt" count="8"/>
      <line num="42" type="stmt" count="8"/>
      <line num="43" type="stmt" count="8"/>
      <line num="44" type="stmt" count="8"/>
      <line num="45" type="stmt" count="8"/>
      <line num="47" type="stmt" count="8"/>
      <line num="49" type="stmt" count="8"/>
      <line num="51" type="stmt" count="8"/>
      <line num="52" type="stmt" count="0"/>
      <line num="55" type="stmt" count="8"/>
      <line num="56" type="stmt" count="8"/>
      <line num="58" type="stmt" count="8"/>
      <line num="59" type="stmt" count="0"/>
      <line num="62" type="stmt" count="8"/>
      <line num="63" type="stmt" count="0"/>
      <line num="65" type="stmt" count="0"/>
      <line num="68" type="stmt" count="8"/>
      <metrics loc="72" ncloc="67" classes="1" methods="1" coveredmethods="0" conditionals="0" coveredconditionals="0" statements="25" coveredstatements="21" elements="26" coveredelements="21"/>
    </file>
    <file name="/home/runner/work/forms/forms/src/Views/Components/Component.php">
      <class name="Javaabu\Forms\Views\Components\Component" namespace="global">
        <metrics complexity="16" methods="11" coveredmethods="10" conditionals="0" coveredconditionals="0" statements="27" coveredstatements="26" elements="38" coveredelements="36"/>
      </class>
      <line num="36" type="method" name="__construct" visibility="public" complexity="2" crap="2" count="139"/>
      <line num="38" type="stmt" count="139"/>
      <line num="39" type="stmt" count="139"/>
      <line num="42" type="stmt" count="139"/>
      <line num="45" type="method" name="getFrameworkIcon" visibility="public" complexity="1" crap="1" count="15"/>
      <line num="47" type="stmt" count="15"/>
      <line num="49" type="stmt" count="15"/>
      <line num="52" type="method" name="frameworkConfig" visibility="public" complexity="1" crap="1" count="15"/>
      <line num="54" type="stmt" count="15"/>
      <line num="57" type="method" name="getView" visibility="public" complexity="1" crap="1" count="139"/>
      <line num="59" type="stmt" count="139"/>
      <line num="65" type="method" name="render" visibility="public" complexity="1" crap="1" count="139"/>
      <line num="67" type="stmt" count="139"/>
      <line num="69" type="stmt" count="139"/>
      <line num="71" type="stmt" count="139"/>
      <line num="79" type="method" name="id" visibility="public" complexity="4" crap="4.13" count="75"/>
      <line num="81" type="stmt" count="75"/>
      <line num="82" type="stmt" count="74"/>
      <line num="85" type="stmt" count="75"/>
      <line num="86" type="stmt" count="75"/>
      <line num="89" type="stmt" count="0"/>
      <line num="97" type="method" name="generateIdByName" visibility="protected" complexity="1" crap="1" count="75"/>
      <line num="99" type="stmt" count="75"/>
      <line num="107" type="method" name="stringToId" visibility="public" complexity="1" crap="1" count="1"/>
      <line num="109" type="stmt" count="1"/>
      <line num="117" type="method" name="label" visibility="public" complexity="2" crap="2" count="97"/>
      <line num="119" type="stmt" count="97"/>
      <line num="120" type="stmt" count="93"/>
      <line num="123" type="stmt" count="49"/>
      <line num="131" type="method" name="generateLabelByName" visibility="protected" complexity="1" crap="1" count="49"/>
      <line num="133" type="stmt" count="49"/>
      <line num="134" type="stmt" count="49"/>
      <line num="135" type="stmt" count="49"/>
      <line num="136" type="stmt" count="49"/>
      <line num="137" type="stmt" count="49"/>
      <line num="138" type="stmt" count="49"/>
      <line num="147" type="method" name="convertBracketsToDots" visibility="protected" complexity="1" crap="1" count="73"/>
      <line num="149" type="stmt" count="73"/>
      <metrics loc="152" ncloc="98" classes="1" methods="11" coveredmethods="10" conditionals="0" coveredconditionals="0" statements="27" coveredstatements="26" elements="38" coveredelements="36"/>
    </file>
    <file name="/home/runner/work/forms/forms/src/Views/Components/ConditionalWrapper.php">
      <class name="Javaabu\Forms\Views\Components\ConditionalWrapper" namespace="global">
        <metrics complexity="2" methods="1" coveredmethods="1" conditionals="0" coveredconditionals="0" statements="2" coveredstatements="2" elements="3" coveredelements="3"/>
      </class>
      <line num="16" type="method" name="__construct" visibility="public" complexity="2" crap="2" count="2"/>
      <line num="24" type="stmt" count="2"/>
      <line num="26" type="stmt" count="2"/>
      <metrics loc="29" ncloc="24" classes="1" methods="1" coveredmethods="1" conditionals="0" coveredconditionals="0" statements="2" coveredstatements="2" elements="3" coveredelements="3"/>
    </file>
    <file name="/home/runner/work/forms/forms/src/Views/Components/Date.php">
      <class name="Javaabu\Forms\Views\Components\Date" namespace="global">
        <metrics complexity="6" methods="3" coveredmethods="3" conditionals="0" coveredconditionals="0" statements="20" coveredstatements="20" elements="23" coveredelements="23"/>
      </class>
      <line num="16" type="method" name="__construct" visibility="public" complexity="4" crap="4" count="1"/>
      <line num="34" type="stmt" count="1"/>
      <line num="35" type="stmt" count="1"/>
      <line num="36" type="stmt" count="1"/>
      <line num="37" type="stmt" count="1"/>
      <line num="38" type="stmt" count="1"/>
      <line num="39" type="stmt" count="1"/>
      <line num="40" type="stmt" count="1"/>
      <line num="41" type="stmt" count="1"/>
      <line num="42" type="stmt" count="1"/>
      <line num="43" type="stmt" count="1"/>
      <line num="44" type="stmt" count="1"/>
      <line num="45" type="stmt" count="1"/>
      <line num="46" type="stmt" count="1"/>
      <line num="47" type="stmt" count="1"/>
      <line num="48" type="stmt" count="1"/>
      <line num="50" type="stmt" count="1"/>
      <line num="51" type="stmt" count="1"/>
      <line num="52" type="stmt" count="1"/>
      <line num="55" type="method" name="datePickerClass" visibility="public" complexity="1" crap="1" count="1"/>
      <line num="57" type="stmt" count="1"/>
      <line num="60" type="method" name="isDateInput" visibility="public" complexity="1" crap="1" count="1"/>
      <line num="62" type="stmt" count="1"/>
      <metrics loc="65" ncloc="60" classes="1" methods="3" coveredmethods="3" conditionals="0" coveredconditionals="0" statements="20" coveredstatements="20" elements="23" coveredelements="23"/>
    </file>
    <file name="/home/runner/work/forms/forms/src/Views/Components/Datetime.php">
      <class name="Javaabu\Forms\Views\Components\Datetime" namespace="global">
        <metrics complexity="3" methods="2" coveredmethods="2" conditionals="0" coveredconditionals="0" statements="21" coveredstatements="21" elements="23" coveredelements="23"/>
      </class>
      <line num="12" type="method" name="__construct" visibility="public" complexity="2" crap="2" count="1"/>
      <line num="29" type="stmt" count="1"/>
      <line num="30" type="stmt" count="1"/>
      <line num="31" type="stmt" count="1"/>
      <line num="32" type="stmt" count="1"/>
      <line num="33" type="stmt" count="1"/>
      <line num="34" type="stmt" count="1"/>
      <line num="35" type="stmt" count="1"/>
      <line num="36" type="stmt" count="1"/>
      <line num="37" type="stmt" count="1"/>
      <line num="38" type="stmt" count="1"/>
      <line num="39" type="stmt" count="1"/>
      <line num="40" type="stmt" count="1"/>
      <line num="41" type="stmt" count="1"/>
      <line num="42" type="stmt" count="1"/>
      <line num="43" type="stmt" count="1"/>
      <line num="44" type="stmt" count="1"/>
      <line num="45" type="stmt" count="1"/>
      <line num="46" type="stmt" count="1"/>
      <line num="48" type="stmt" count="1"/>
      <line num="49" type="stmt" count="1"/>
      <line num="53" type="method" name="datePickerClass" visibility="public" complexity="1" crap="1" count="1"/>
      <line num="55" type="stmt" count="1"/>
      <metrics loc="58" ncloc="53" classes="1" methods="2" coveredmethods="2" conditionals="0" coveredconditionals="0" statements="21" coveredstatements="21" elements="23" coveredelements="23"/>
    </file>
    <file name="/home/runner/work/forms/forms/src/Views/Components/Email.php">
      <class name="Javaabu\Forms\Views\Components\Email" namespace="global">
        <metrics complexity="1" methods="1" coveredmethods="1" conditionals="0" coveredconditionals="0" statements="15" coveredstatements="15" elements="16" coveredelements="16"/>
      </class>
      <line num="12" type="method" name="__construct" visibility="public" complexity="1" crap="1" count="1"/>
      <line num="26" type="stmt" count="1"/>
      <line num="27" type="stmt" count="1"/>
      <line num="28" type="stmt" count="1"/>
      <line num="29" type="stmt" count="1"/>
      <line num="30" type="stmt" count="1"/>
      <line num="31" type="stmt" count="1"/>
      <line num="32" type="stmt" count="1"/>
      <line num="33" type="stmt" count="1"/>
      <line num="34" type="stmt" count="1"/>
      <line num="35" type="stmt" count="1"/>
      <line num="36" type="stmt" count="1"/>
      <line num="37" type="stmt" count="1"/>
      <line num="38" type="stmt" count="1"/>
      <line num="39" type="stmt" count="1"/>
      <line num="40" type="stmt" count="1"/>
      <metrics loc="43" ncloc="38" classes="1" methods="1" coveredmethods="1" conditionals="0" coveredconditionals="0" statements="15" coveredstatements="15" elements="16" coveredelements="16"/>
    </file>
    <file name="/home/runner/work/forms/forms/src/Views/Components/Errors.php">
      <class name="Javaabu\Forms\Views\Components\Errors" namespace="global">
        <metrics complexity="1" methods="1" coveredmethods="1" conditionals="0" coveredconditionals="0" statements="3" coveredstatements="3" elements="4" coveredelements="4"/>
      </class>
      <line num="18" type="method" name="__construct" visibility="public" complexity="1" crap="1" count="2"/>
      <line num="23" type="stmt" count="2"/>
      <line num="25" type="stmt" count="2"/>
      <line num="27" type="stmt" count="2"/>
      <metrics loc="30" ncloc="25" classes="1" methods="1" coveredmethods="1" conditionals="0" coveredconditionals="0" statements="3" coveredstatements="3" elements="4" coveredelements="4"/>
    </file>
    <file name="/home/runner/work/forms/forms/src/Views/Components/File.php">
      <class name="Javaabu\Forms\Views\Components\File" namespace="global">
        <metrics complexity="10" methods="3" coveredmethods="2" conditionals="0" coveredconditionals="0" statements="31" coveredstatements="30" elements="34" coveredelements="32"/>
      </class>
      <line num="33" type="method" name="__construct" visibility="public" complexity="8" crap="8" count="14"/>
      <line num="58" type="stmt" count="14"/>
      <line num="59" type="stmt" count="14"/>
      <line num="60" type="stmt" count="14"/>
      <line num="61" type="stmt" count="14"/>
      <line num="62" type="stmt" count="14"/>
      <line num="63" type="stmt" count="14"/>
      <line num="64" type="stmt" count="14"/>
      <line num="65" type="stmt" count="14"/>
      <line num="67" type="stmt" count="14"/>
      <line num="68" type="stmt" count="14"/>
      <line num="69" type="stmt" count="14"/>
      <line num="70" type="stmt" count="14"/>
      <line num="71" type="stmt" count="14"/>
      <line num="72" type="stmt" count="14"/>
      <line num="73" type="stmt" count="14"/>
      <line num="74" type="stmt" count="14"/>
      <line num="75" type="stmt" count="14"/>
      <line num="76" type="stmt" count="14"/>
      <line num="77" type="stmt" count="14"/>
      <line num="78" type="stmt" count="14"/>
      <line num="79" type="stmt" count="14"/>
      <line num="81" type="stmt" count="14"/>
      <line num="82" type="stmt" count="14"/>
      <line num="83" type="stmt" count="14"/>
      <line num="86" type="method" name="getHint" visibility="public" complexity="1" crap="1" count="14"/>
      <line num="88" type="stmt" count="14"/>
      <line num="89" type="stmt" count="14"/>
      <line num="90" type="stmt" count="14"/>
      <line num="91" type="stmt" count="14"/>
      <line num="93" type="stmt" count="14"/>
      <line num="94" type="stmt" count="14"/>
      <line num="97" type="method" name="isFileInput" visibility="public" complexity="1" crap="2" count="0"/>
      <line num="99" type="stmt" count="0"/>
      <metrics loc="102" ncloc="97" classes="1" methods="3" coveredmethods="2" conditionals="0" coveredconditionals="0" statements="31" coveredstatements="30" elements="34" coveredelements="32"/>
    </file>
    <file name="/home/runner/work/forms/forms/src/Views/Components/FileUpload.php">
      <class name="Javaabu\Forms\Views\Components\FileUpload" namespace="global">
        <metrics complexity="1" methods="1" coveredmethods="1" conditionals="0" coveredconditionals="0" statements="25" coveredstatements="25" elements="26" coveredelements="26"/>
      </class>
      <line num="12" type="method" name="__construct" visibility="public" complexity="1" crap="1" count="1"/>
      <line num="37" type="stmt" count="1"/>
      <line num="38" type="stmt" count="1"/>
      <line num="39" type="stmt" count="1"/>
      <line num="40" type="stmt" count="1"/>
      <line num="41" type="stmt" count="1"/>
      <line num="42" type="stmt" count="1"/>
      <line num="43" type="stmt" count="1"/>
      <line num="44" type="stmt" count="1"/>
      <line num="45" type="stmt" count="1"/>
      <line num="46" type="stmt" count="1"/>
      <line num="47" type="stmt" count="1"/>
      <line num="48" type="stmt" count="1"/>
      <line num="49" type="stmt" count="1"/>
      <line num="50" type="stmt" count="1"/>
      <line num="51" type="stmt" count="1"/>
      <line num="52" type="stmt" count="1"/>
      <line num="53" type="stmt" count="1"/>
      <line num="54" type="stmt" count="1"/>
      <line num="55" type="stmt" count="1"/>
      <line num="56" type="stmt" count="1"/>
      <line num="57" type="stmt" count="1"/>
      <line num="58" type="stmt" count="1"/>
      <line num="59" type="stmt" count="1"/>
      <line num="60" type="stmt" count="1"/>
      <line num="61" type="stmt" count="1"/>
      <metrics loc="64" ncloc="59" classes="1" methods="1" coveredmethods="1" conditionals="0" coveredconditionals="0" statements="25" coveredstatements="25" elements="26" coveredelements="26"/>
    </file>
    <file name="/home/runner/work/forms/forms/src/Views/Components/Filter.php">
      <class name="Javaabu\Forms\Views\Components\Filter" namespace="global">
        <metrics complexity="1" methods="1" coveredmethods="1" conditionals="0" coveredconditionals="0" statements="1" coveredstatements="1" elements="2" coveredelements="2"/>
      </class>
      <line num="14" type="method" name="__construct" visibility="public" complexity="1" crap="1" count="1"/>
      <line num="17" type="stmt" count="1"/>
      <metrics loc="20" ncloc="15" classes="1" methods="1" coveredmethods="1" conditionals="0" coveredconditionals="0" statements="1" coveredstatements="1" elements="2" coveredelements="2"/>
    </file>
    <file name="/home/runner/work/forms/forms/src/Views/Components/FilterSubmit.php">
      <class name="Javaabu\Forms\Views\Components\FilterSubmit" namespace="global">
        <metrics complexity="2" methods="1" coveredmethods="1" conditionals="0" coveredconditionals="0" statements="3" coveredstatements="3" elements="4" coveredelements="4"/>
      </class>
      <line num="16" type="method" name="__construct" visibility="public" complexity="2" crap="2" count="1"/>
      <line num="21" type="stmt" count="1"/>
      <line num="23" type="stmt" count="1"/>
      <line num="24" type="stmt" count="1"/>
      <metrics loc="28" ncloc="23" classes="1" methods="1" coveredmethods="1" conditionals="0" coveredconditionals="0" statements="3" coveredstatements="3" elements="4" coveredelements="4"/>
    </file>
    <file name="/home/runner/work/forms/forms/src/Views/Components/Form.php">
      <class name="Javaabu\Forms\Views\Components\Form" namespace="global">
        <metrics complexity="1" methods="1" coveredmethods="1" conditionals="0" coveredconditionals="0" statements="5" coveredstatements="5" elements="6" coveredelements="6"/>
      </class>
      <line num="34" type="method" name="__construct" visibility="public" complexity="1" crap="1" count="43"/>
      <line num="40" type="stmt" count="43"/>
      <line num="42" type="stmt" count="43"/>
      <line num="44" type="stmt" count="43"/>
      <line num="46" type="stmt" count="43"/>
      <line num="48" type="stmt" count="43"/>
      <metrics loc="51" ncloc="36" classes="1" methods="1" coveredmethods="1" conditionals="0" coveredconditionals="0" statements="5" coveredstatements="5" elements="6" coveredelements="6"/>
    </file>
    <file name="/home/runner/work/forms/forms/src/Views/Components/FormClose.php">
      <class name="Javaabu\Forms\Views\Components\FormClose" namespace="global">
        <metrics complexity="0" methods="0" coveredmethods="0" conditionals="0" coveredconditionals="0" statements="0" coveredstatements="0" elements="0" coveredelements="0"/>
      </class>
      <metrics loc="10" ncloc="9" classes="0" methods="0" coveredmethods="0" conditionals="0" coveredconditionals="0" statements="0" coveredstatements="0" elements="0" coveredelements="0"/>
    </file>
    <file name="/home/runner/work/forms/forms/src/Views/Components/FormGroup.php">
      <class name="Javaabu\Forms\Views\Components\FormGroup" namespace="global">
        <metrics complexity="1" methods="1" coveredmethods="1" conditionals="0" coveredconditionals="0" statements="8" coveredstatements="8" elements="9" coveredelements="9"/>
      </class>
      <line num="21" type="method" name="__construct" visibility="public" complexity="1" crap="1" count="73"/>
      <line num="31" type="stmt" count="73"/>
      <line num="33" type="stmt" count="73"/>
      <line num="34" type="stmt" count="73"/>
      <line num="35" type="stmt" count="73"/>
      <line num="36" type="stmt" count="73"/>
      <line num="37" type="stmt" count="73"/>
      <line num="38" type="stmt" count="73"/>
      <line num="39" type="stmt" count="73"/>
      <metrics loc="42" ncloc="37" classes="1" methods="1" coveredmethods="1" conditionals="0" coveredconditionals="0" statements="8" coveredstatements="8" elements="9" coveredelements="9"/>
    </file>
    <file name="/home/runner/work/forms/forms/src/Views/Components/FormOpen.php">
      <class name="Javaabu\Forms\Views\Components\FormOpen" namespace="global">
        <metrics complexity="1" methods="1" coveredmethods="1" conditionals="0" coveredconditionals="0" statements="6" coveredstatements="6" elements="7" coveredelements="7"/>
      </class>
      <line num="19" type="method" name="__construct" visibility="public" complexity="1" crap="1" count="2"/>
      <line num="25" type="stmt" count="2"/>
      <line num="26" type="stmt" count="2"/>
      <line num="27" type="stmt" count="2"/>
      <line num="28" type="stmt" count="2"/>
      <line num="29" type="stmt" count="2"/>
      <line num="30" type="stmt" count="2"/>
      <metrics loc="33" ncloc="27" classes="1" methods="1" coveredmethods="1" conditionals="0" coveredconditionals="0" statements="6" coveredstatements="6" elements="7" coveredelements="7"/>
    </file>
    <file name="/home/runner/work/forms/forms/src/Views/Components/Hidden.php">
      <class name="Javaabu\Forms\Views\Components\Hidden" namespace="global">
        <metrics complexity="1" methods="1" coveredmethods="1" conditionals="0" coveredconditionals="0" statements="13" coveredstatements="13" elements="14" coveredelements="14"/>
      </class>
      <line num="12" type="method" name="__construct" visibility="public" complexity="1" crap="1" count="9"/>
      <line num="24" type="stmt" count="9"/>
      <line num="25" type="stmt" count="9"/>
      <line num="26" type="stmt" count="9"/>
      <line num="27" type="stmt" count="9"/>
      <line num="28" type="stmt" count="9"/>
      <line num="29" type="stmt" count="9"/>
      <line num="30" type="stmt" count="9"/>
      <line num="31" type="stmt" count="9"/>
      <line num="32" type="stmt" count="9"/>
      <line num="33" type="stmt" count="9"/>
      <line num="34" type="stmt" count="9"/>
      <line num="35" type="stmt" count="9"/>
      <line num="36" type="stmt" count="9"/>
      <metrics loc="39" ncloc="34" classes="1" methods="1" coveredmethods="1" conditionals="0" coveredconditionals="0" statements="13" coveredstatements="13" elements="14" coveredelements="14"/>
    </file>
    <file name="/home/runner/work/forms/forms/src/Views/Components/Image.php">
      <class name="Javaabu\Forms\Views\Components\Image" namespace="global">
        <metrics complexity="6" methods="2" coveredmethods="1" conditionals="0" coveredconditionals="0" statements="31" coveredstatements="30" elements="33" coveredelements="31"/>
      </class>
      <line num="17" type="method" name="__construct" visibility="public" complexity="5" crap="5" count="3"/>
      <line num="49" type="stmt" count="3"/>
      <line num="50" type="stmt" count="3"/>
      <line num="51" type="stmt" count="3"/>
      <line num="52" type="stmt" count="3"/>
      <line num="53" type="stmt" count="3"/>
      <line num="54" type="stmt" count="3"/>
      <line num="55" type="stmt" count="3"/>
      <line num="56" type="stmt" count="3"/>
      <line num="57" type="stmt" count="3"/>
      <line num="58" type="stmt" count="3"/>
      <line num="59" type="stmt" count="3"/>
      <line num="60" type="stmt" count="3"/>
      <line num="61" type="stmt" count="3"/>
      <line num="62" type="stmt" count="3"/>
      <line num="63" type="stmt" count="3"/>
      <line num="64" type="stmt" count="3"/>
      <line num="65" type="stmt" count="3"/>
      <line num="66" type="stmt" count="3"/>
      <line num="67" type="stmt" count="3"/>
      <line num="68" type="stmt" count="3"/>
      <line num="69" type="stmt" count="3"/>
      <line num="70" type="stmt" count="3"/>
      <line num="71" type="stmt" count="3"/>
      <line num="73" type="stmt" count="3"/>
      <line num="75" type="stmt" count="3"/>
      <line num="76" type="stmt" count="0"/>
      <line num="79" type="stmt" count="3"/>
      <line num="82" type="method" name="getImageHint" visibility="public" complexity="1" crap="1" count="3"/>
      <line num="84" type="stmt" count="3"/>
      <line num="85" type="stmt" count="3"/>
      <line num="86" type="stmt" count="3"/>
      <line num="87" type="stmt" count="3"/>
      <metrics loc="90" ncloc="85" classes="1" methods="2" coveredmethods="1" conditionals="0" coveredconditionals="0" statements="31" coveredstatements="30" elements="33" coveredelements="31"/>
    </file>
    <file name="/home/runner/work/forms/forms/src/Views/Components/ImageUpload.php">
      <class name="Javaabu\Forms\Views\Components\ImageUpload" namespace="global">
        <metrics complexity="1" methods="1" coveredmethods="1" conditionals="0" coveredconditionals="0" statements="31" coveredstatements="31" elements="32" coveredelements="32"/>
      </class>
      <line num="12" type="method" name="__construct" visibility="public" complexity="1" crap="1" count="1"/>
      <line num="43" type="stmt" count="1"/>
      <line num="44" type="stmt" count="1"/>
      <line num="45" type="stmt" count="1"/>
      <line num="46" type="stmt" count="1"/>
      <line num="47" type="stmt" count="1"/>
      <line num="48" type="stmt" count="1"/>
      <line num="49" type="stmt" count="1"/>
      <line num="50" type="stmt" count="1"/>
      <line num="51" type="stmt" count="1"/>
      <line num="52" type="stmt" count="1"/>
      <line num="53" type="stmt" count="1"/>
      <line num="54" type="stmt" count="1"/>
      <line num="55" type="stmt" count="1"/>
      <line num="56" type="stmt" count="1"/>
      <line num="57" type="stmt" count="1"/>
      <line num="58" type="stmt" count="1"/>
      <line num="59" type="stmt" count="1"/>
      <line num="60" type="stmt" count="1"/>
      <line num="61" type="stmt" count="1"/>
      <line num="62" type="stmt" count="1"/>
      <line num="63" type="stmt" count="1"/>
      <line num="64" type="stmt" count="1"/>
      <line num="65" type="stmt" count="1"/>
      <line num="66" type="stmt" count="1"/>
      <line num="67" type="stmt" count="1"/>
      <line num="68" type="stmt" count="1"/>
      <line num="69" type="stmt" count="1"/>
      <line num="70" type="stmt" count="1"/>
      <line num="71" type="stmt" count="1"/>
      <line num="72" type="stmt" count="1"/>
      <line num="73" type="stmt" count="1"/>
      <metrics loc="76" ncloc="71" classes="1" methods="1" coveredmethods="1" conditionals="0" coveredconditionals="0" statements="31" coveredstatements="31" elements="32" coveredelements="32"/>
    </file>
    <file name="/home/runner/work/forms/forms/src/Views/Components/Infolist.php">
      <class name="Javaabu\Forms\Views\Components\Infolist" namespace="global">
        <metrics complexity="1" methods="1" coveredmethods="1" conditionals="0" coveredconditionals="0" statements="2" coveredstatements="2" elements="3" coveredelements="3"/>
      </class>
      <line num="16" type="method" name="__construct" visibility="public" complexity="1" crap="1" count="1"/>
      <line num="21" type="stmt" count="1"/>
      <line num="23" type="stmt" count="1"/>
      <metrics loc="26" ncloc="21" classes="1" methods="1" coveredmethods="1" conditionals="0" coveredconditionals="0" statements="2" coveredstatements="2" elements="3" coveredelements="3"/>
    </file>
    <file name="/home/runner/work/forms/forms/src/Views/Components/Input.php">
      <class name="Javaabu\Forms\Views\Components\Input" namespace="global">
        <metrics complexity="9" methods="5" coveredmethods="4" conditionals="0" coveredconditionals="0" statements="17" coveredstatements="16" elements="22" coveredelements="20"/>
      </class>
      <line num="30" type="method" name="__construct" visibility="public" complexity="5" crap="5" count="58"/>
      <line num="45" type="stmt" count="58"/>
      <line num="47" type="stmt" count="58"/>
      <line num="48" type="stmt" count="58"/>
      <line num="49" type="stmt" count="58"/>
      <line num="50" type="stmt" count="58"/>
      <line num="51" type="stmt" count="58"/>
      <line num="52" type="stmt" count="58"/>
      <line num="53" type="stmt" count="58"/>
      <line num="54" type="stmt" count="58"/>
      <line num="55" type="stmt" count="58"/>
      <line num="56" type="stmt" count="58"/>
      <line num="58" type="stmt" count="58"/>
      <line num="59" type="stmt" count="58"/>
      <line num="63" type="method" name="datePickerClass" visibility="public" complexity="1" crap="2" count="0"/>
      <line num="65" type="stmt" count="0"/>
      <line num="68" type="method" name="isDateInput" visibility="public" complexity="1" crap="1" count="28"/>
      <line num="70" type="stmt" count="28"/>
      <line num="73" type="method" name="isFileInput" visibility="public" complexity="1" crap="1" count="20"/>
      <line num="75" type="stmt" count="20"/>
      <line num="78" type="method" name="getDefaultAttributes" visibility="public" complexity="1" crap="1" count="27"/>
      <line num="80" type="stmt" count="27"/>
      <metrics loc="83" ncloc="78" classes="1" methods="5" coveredmethods="4" conditionals="0" coveredconditionals="0" statements="17" coveredstatements="16" elements="22" coveredelements="20"/>
    </file>
    <file name="/home/runner/work/forms/forms/src/Views/Components/InputHelp.php">
      <class name="Javaabu\Forms\Views\Components\InputHelp" namespace="global">
        <metrics complexity="0" methods="0" coveredmethods="0" conditionals="0" coveredconditionals="0" statements="0" coveredstatements="0" elements="0" coveredelements="0"/>
      </class>
      <metrics loc="9" ncloc="9" classes="0" methods="0" coveredmethods="0" conditionals="0" coveredconditionals="0" statements="0" coveredstatements="0" elements="0" coveredelements="0"/>
    </file>
    <file name="/home/runner/work/forms/forms/src/Views/Components/Label.php">
      <class name="Javaabu\Forms\Views\Components\Label" namespace="global">
        <metrics complexity="1" methods="1" coveredmethods="1" conditionals="0" coveredconditionals="0" statements="5" coveredstatements="5" elements="6" coveredelements="6"/>
      </class>
      <line num="19" type="method" name="__construct" visibility="public" complexity="1" crap="1" count="77"/>
      <line num="26" type="stmt" count="77"/>
      <line num="28" type="stmt" count="77"/>
      <line num="30" type="stmt" count="77"/>
      <line num="32" type="stmt" count="77"/>
      <line num="34" type="stmt" count="77"/>
      <metrics loc="37" ncloc="32" classes="1" methods="1" coveredmethods="1" conditionals="0" coveredconditionals="0" statements="5" coveredstatements="5" elements="6" coveredelements="6"/>
    </file>
    <file name="/home/runner/work/forms/forms/src/Views/Components/LabelRequired.php">
      <class name="Javaabu\Forms\Views\Components\LabelRequired" namespace="global">
        <metrics complexity="2" methods="1" coveredmethods="1" conditionals="0" coveredconditionals="0" statements="4" coveredstatements="4" elements="5" coveredelements="5"/>
      </class>
      <line num="16" type="method" name="__construct" visibility="public" complexity="2" crap="2" count="11"/>
      <line num="20" type="stmt" count="11"/>
      <line num="22" type="stmt" count="11"/>
      <line num="23" type="stmt" count="11"/>
      <line num="26" type="stmt" count="11"/>
      <metrics loc="29" ncloc="24" classes="1" methods="1" coveredmethods="1" conditionals="0" coveredconditionals="0" statements="4" coveredstatements="4" elements="5" coveredelements="5"/>
    </file>
    <file name="/home/runner/work/forms/forms/src/Views/Components/Latitude.php">
      <class name="Javaabu\Forms\Views\Components\Latitude" namespace="global">
        <metrics complexity="2" methods="2" coveredmethods="2" conditionals="0" coveredconditionals="0" statements="20" coveredstatements="20" elements="22" coveredelements="22"/>
      </class>
      <line num="14" type="method" name="__construct" visibility="public" complexity="1" crap="1" count="4"/>
      <line num="28" type="stmt" count="4"/>
      <line num="29" type="stmt" count="4"/>
      <line num="30" type="stmt" count="4"/>
      <line num="31" type="stmt" count="4"/>
      <line num="32" type="stmt" count="4"/>
      <line num="33" type="stmt" count="4"/>
      <line num="34" type="stmt" count="4"/>
      <line num="35" type="stmt" count="4"/>
      <line num="36" type="stmt" count="4"/>
      <line num="37" type="stmt" count="4"/>
      <line num="38" type="stmt" count="4"/>
      <line num="39" type="stmt" count="4"/>
      <line num="40" type="stmt" count="4"/>
      <line num="41" type="stmt" count="4"/>
      <line num="42" type="stmt" count="4"/>
      <line num="45" type="method" name="getDefaultAttributes" visibility="public" complexity="1" crap="1" count="4"/>
      <line num="47" type="stmt" count="4"/>
      <line num="48" type="stmt" count="4"/>
      <line num="49" type="stmt" count="4"/>
      <line num="50" type="stmt" count="4"/>
      <line num="51" type="stmt" count="4"/>
      <metrics loc="54" ncloc="49" classes="1" methods="2" coveredmethods="2" conditionals="0" coveredconditionals="0" statements="20" coveredstatements="20" elements="22" coveredelements="22"/>
    </file>
    <file name="/home/runner/work/forms/forms/src/Views/Components/LinkButton.php">
      <class name="Javaabu\Forms\Views\Components\LinkButton" namespace="global">
        <metrics complexity="1" methods="1" coveredmethods="1" conditionals="0" coveredconditionals="0" statements="3" coveredstatements="3" elements="4" coveredelements="4"/>
      </class>
      <line num="17" type="method" name="__construct" visibility="public" complexity="1" crap="1" count="3"/>
      <line num="22" type="stmt" count="3"/>
      <line num="24" type="stmt" count="3"/>
      <line num="25" type="stmt" count="3"/>
      <metrics loc="28" ncloc="23" classes="1" methods="1" coveredmethods="1" conditionals="0" coveredconditionals="0" statements="3" coveredstatements="3" elements="4" coveredelements="4"/>
    </file>
    <file name="/home/runner/work/forms/forms/src/Views/Components/Longitude.php">
      <class name="Javaabu\Forms\Views\Components\Longitude" namespace="global">
        <metrics complexity="2" methods="2" coveredmethods="2" conditionals="0" coveredconditionals="0" statements="20" coveredstatements="20" elements="22" coveredelements="22"/>
      </class>
      <line num="14" type="method" name="__construct" visibility="public" complexity="1" crap="1" count="4"/>
      <line num="28" type="stmt" count="4"/>
      <line num="29" type="stmt" count="4"/>
      <line num="30" type="stmt" count="4"/>
      <line num="31" type="stmt" count="4"/>
      <line num="32" type="stmt" count="4"/>
      <line num="33" type="stmt" count="4"/>
      <line num="34" type="stmt" count="4"/>
      <line num="35" type="stmt" count="4"/>
      <line num="36" type="stmt" count="4"/>
      <line num="37" type="stmt" count="4"/>
      <line num="38" type="stmt" count="4"/>
      <line num="39" type="stmt" count="4"/>
      <line num="40" type="stmt" count="4"/>
      <line num="41" type="stmt" count="4"/>
      <line num="42" type="stmt" count="4"/>
      <line num="45" type="method" name="getDefaultAttributes" visibility="public" complexity="1" crap="1" count="4"/>
      <line num="47" type="stmt" count="4"/>
      <line num="48" type="stmt" count="4"/>
      <line num="49" type="stmt" count="4"/>
      <line num="50" type="stmt" count="4"/>
      <line num="51" type="stmt" count="4"/>
      <metrics loc="54" ncloc="49" classes="1" methods="2" coveredmethods="2" conditionals="0" coveredconditionals="0" statements="20" coveredstatements="20" elements="22" coveredelements="22"/>
    </file>
    <file name="/home/runner/work/forms/forms/src/Views/Components/MapInput.php">
      <class name="Javaabu\Forms\Views\Components\MapInput" namespace="global">
        <metrics complexity="14" methods="6" coveredmethods="5" conditionals="0" coveredconditionals="0" statements="34" coveredstatements="33" elements="40" coveredelements="38"/>
      </class>
      <line num="21" type="method" name="__construct" visibility="public" complexity="3" crap="3" count="3"/>
      <line num="53" type="stmt" count="3"/>
      <line num="54" type="stmt" count="3"/>
      <line num="55" type="stmt" count="3"/>
      <line num="56" type="stmt" count="3"/>
      <line num="57" type="stmt" count="3"/>
      <line num="58" type="stmt" count="3"/>
      <line num="59" type="stmt" count="3"/>
      <line num="60" type="stmt" count="3"/>
      <line num="61" type="stmt" count="3"/>
      <line num="62" type="stmt" count="3"/>
      <line num="63" type="stmt" count="3"/>
      <line num="64" type="stmt" count="3"/>
      <line num="66" type="stmt" count="3"/>
      <line num="67" type="stmt" count="3"/>
      <line num="69" type="stmt" count="3"/>
      <line num="70" type="stmt" count="3"/>
      <line num="71" type="stmt" count="3"/>
      <line num="72" type="stmt" count="3"/>
      <line num="75" type="method" name="setLat" visibility="protected" complexity="3" crap="3" count="3"/>
      <line num="78" type="stmt" count="3"/>
      <line num="81" type="stmt" count="3"/>
      <line num="82" type="stmt" count="2"/>
      <line num="85" type="stmt" count="3"/>
      <line num="88" type="method" name="setLng" visibility="protected" complexity="3" crap="3" count="3"/>
      <line num="91" type="stmt" count="3"/>
      <line num="94" type="stmt" count="3"/>
      <line num="95" type="stmt" count="2"/>
      <line num="98" type="stmt" count="3"/>
      <line num="101" type="method" name="setPolygon" visibility="protected" complexity="2" crap="2" count="3"/>
      <line num="104" type="stmt" count="3"/>
      <line num="107" type="stmt" count="3"/>
      <line num="108" type="stmt" count="2"/>
      <line num="111" type="stmt" count="3"/>
      <line num="114" type="method" name="setRadius" visibility="protected" complexity="1" crap="1" count="3"/>
      <line num="117" type="stmt" count="3"/>
      <line num="120" type="method" name="getRadiusStep" visibility="public" complexity="2" crap="2.15" count="3"/>
      <line num="122" type="stmt" count="3"/>
      <line num="123" type="stmt" count="0"/>
      <line num="126" type="stmt" count="3"/>
      <metrics loc="129" ncloc="117" classes="1" methods="6" coveredmethods="5" conditionals="0" coveredconditionals="0" statements="34" coveredstatements="33" elements="40" coveredelements="38"/>
    </file>
    <file name="/home/runner/work/forms/forms/src/Views/Components/NavTabs.php">
      <class name="Javaabu\Forms\Views\Components\NavTabs" namespace="global">
        <metrics complexity="1" methods="1" coveredmethods="1" conditionals="0" coveredconditionals="0" statements="2" coveredstatements="2" elements="3" coveredelements="3"/>
      </class>
      <line num="18" type="method" name="__construct" visibility="public" complexity="1" crap="1" count="2"/>
      <line num="22" type="stmt" count="2"/>
      <line num="24" type="stmt" count="2"/>
      <metrics loc="27" ncloc="22" classes="1" methods="1" coveredmethods="1" conditionals="0" coveredconditionals="0" statements="2" coveredstatements="2" elements="3" coveredelements="3"/>
    </file>
    <file name="/home/runner/work/forms/forms/src/Views/Components/NoItems.php">
      <class name="Javaabu\Forms\Views\Components\NoItems" namespace="global">
        <metrics complexity="1" methods="1" coveredmethods="1" conditionals="0" coveredconditionals="0" statements="5" coveredstatements="5" elements="6" coveredelements="6"/>
      </class>
      <line num="19" type="method" name="__construct" visibility="public" complexity="1" crap="1" count="2"/>
      <line num="26" type="stmt" count="2"/>
      <line num="28" type="stmt" count="2"/>
      <line num="29" type="stmt" count="2"/>
      <line num="30" type="stmt" count="2"/>
      <line num="31" type="stmt" count="2"/>
      <metrics loc="34" ncloc="29" classes="1" methods="1" coveredmethods="1" conditionals="0" coveredconditionals="0" statements="5" coveredstatements="5" elements="6" coveredelements="6"/>
    </file>
    <file name="/home/runner/work/forms/forms/src/Views/Components/Number.php">
      <class name="Javaabu\Forms\Views\Components\Number" namespace="global">
        <metrics complexity="1" methods="1" coveredmethods="1" conditionals="0" coveredconditionals="0" statements="15" coveredstatements="15" elements="16" coveredelements="16"/>
      </class>
      <line num="12" type="method" name="__construct" visibility="public" complexity="1" crap="1" count="4"/>
      <line num="26" type="stmt" count="4"/>
      <line num="27" type="stmt" count="4"/>
      <line num="28" type="stmt" count="4"/>
      <line num="29" type="stmt" count="4"/>
      <line num="30" type="stmt" count="4"/>
      <line num="31" type="stmt" count="4"/>
      <line num="32" type="stmt" count="4"/>
      <line num="33" type="stmt" count="4"/>
      <line num="34" type="stmt" count="4"/>
      <line num="35" type="stmt" count="4"/>
      <line num="36" type="stmt" count="4"/>
      <line num="37" type="stmt" count="4"/>
      <line num="38" type="stmt" count="4"/>
      <line num="39" type="stmt" count="4"/>
      <line num="40" type="stmt" count="4"/>
      <metrics loc="43" ncloc="38" classes="1" methods="1" coveredmethods="1" conditionals="0" coveredconditionals="0" statements="15" coveredstatements="15" elements="16" coveredelements="16"/>
    </file>
    <file name="/home/runner/work/forms/forms/src/Views/Components/Password.php">
      <class name="Javaabu\Forms\Views\Components\Password" namespace="global">
        <metrics complexity="1" methods="1" coveredmethods="1" conditionals="0" coveredconditionals="0" statements="15" coveredstatements="15" elements="16" coveredelements="16"/>
      </class>
      <line num="12" type="method" name="__construct" visibility="public" complexity="1" crap="1" count="1"/>
      <line num="26" type="stmt" count="1"/>
      <line num="27" type="stmt" count="1"/>
      <line num="28" type="stmt" count="1"/>
      <line num="29" type="stmt" count="1"/>
      <line num="30" type="stmt" count="1"/>
      <line num="31" type="stmt" count="1"/>
      <line num="32" type="stmt" count="1"/>
      <line num="33" type="stmt" count="1"/>
      <line num="34" type="stmt" count="1"/>
      <line num="35" type="stmt" count="1"/>
      <line num="36" type="stmt" count="1"/>
      <line num="37" type="stmt" count="1"/>
      <line num="38" type="stmt" count="1"/>
      <line num="39" type="stmt" count="1"/>
      <line num="40" type="stmt" count="1"/>
      <metrics loc="43" ncloc="38" classes="1" methods="1" coveredmethods="1" conditionals="0" coveredconditionals="0" statements="15" coveredstatements="15" elements="16" coveredelements="16"/>
    </file>
    <file name="/home/runner/work/forms/forms/src/Views/Components/PerPage.php">
      <class name="Javaabu\Forms\Views\Components\PerPage" namespace="global">
        <metrics complexity="1" methods="1" coveredmethods="1" conditionals="0" coveredconditionals="0" statements="1" coveredstatements="1" elements="2" coveredelements="2"/>
      </class>
      <line num="14" type="method" name="__construct" visibility="public" complexity="1" crap="1" count="1"/>
      <line num="17" type="stmt" count="1"/>
      <metrics loc="21" ncloc="16" classes="1" methods="1" coveredmethods="1" conditionals="0" coveredconditionals="0" statements="1" coveredstatements="1" elements="2" coveredelements="2"/>
    </file>
    <file name="/home/runner/work/forms/forms/src/Views/Components/Radio.php">
      <class name="Javaabu\Forms\Views\Components\Radio" namespace="global">
        <metrics complexity="6" methods="1" coveredmethods="0" conditionals="0" coveredconditionals="0" statements="25" coveredstatements="21" elements="26" coveredelements="21"/>
      </class>
      <line num="20" type="method" name="__construct" visibility="public" complexity="6" crap="6.15" count="4"/>
      <line num="33" type="stmt" count="4"/>
      <line num="34" type="stmt" count="4"/>
      <line num="35" type="stmt" count="4"/>
      <line num="36" type="stmt" count="4"/>
      <line num="37" type="stmt" count="4"/>
      <line num="38" type="stmt" count="4"/>
      <line num="39" type="stmt" count="4"/>
      <line num="40" type="stmt" count="4"/>
      <line num="41" type="stmt" count="4"/>
      <line num="42" type="stmt" count="4"/>
      <line num="43" type="stmt" count="4"/>
      <line num="44" type="stmt" count="4"/>
      <line num="45" type="stmt" count="4"/>
      <line num="47" type="stmt" count="4"/>
      <line num="49" type="stmt" count="4"/>
      <line num="51" type="stmt" count="4"/>
      <line num="52" type="stmt" count="0"/>
      <line num="55" type="stmt" count="4"/>
      <line num="56" type="stmt" count="4"/>
      <line num="58" type="stmt" count="4"/>
      <line num="59" type="stmt" count="0"/>
      <line num="62" type="stmt" count="4"/>
      <line num="63" type="stmt" count="0"/>
      <line num="65" type="stmt" count="0"/>
      <line num="68" type="stmt" count="4"/>
      <metrics loc="72" ncloc="67" classes="1" methods="1" coveredmethods="0" conditionals="0" coveredconditionals="0" statements="25" coveredstatements="21" elements="26" coveredelements="21"/>
    </file>
    <file name="/home/runner/work/forms/forms/src/Views/Components/Select.php">
      <class name="Javaabu\Forms\Views\Components\Select" namespace="global">
        <metrics complexity="29" methods="5" coveredmethods="4" conditionals="0" coveredconditionals="0" statements="46" coveredstatements="44" elements="51" coveredelements="48"/>
      </class>
      <line num="43" type="method" name="__construct" visibility="public" complexity="13" crap="13.06" count="23"/>
      <line num="66" type="stmt" count="23"/>
      <line num="68" type="stmt" count="23"/>
      <line num="69" type="stmt" count="23"/>
      <line num="70" type="stmt" count="23"/>
      <line num="71" type="stmt" count="23"/>
      <line num="72" type="stmt" count="23"/>
      <line num="73" type="stmt" count="23"/>
      <line num="74" type="stmt" count="23"/>
      <line num="75" type="stmt" count="23"/>
      <line num="76" type="stmt" count="23"/>
      <line num="78" type="stmt" count="23"/>
      <line num="80" type="stmt" count="23"/>
      <line num="82" type="stmt" count="23"/>
      <line num="83" type="stmt" count="23"/>
      <line num="86" type="stmt" count="23"/>
      <line num="87" type="stmt" count="5"/>
      <line num="90" type="stmt" count="23"/>
      <line num="91" type="stmt" count="0"/>
      <line num="94" type="stmt" count="23"/>
      <line num="95" type="stmt" count="1"/>
      <line num="98" type="stmt" count="23"/>
      <line num="100" type="stmt" count="23"/>
      <line num="101" type="stmt" count="0"/>
      <line num="104" type="stmt" count="23"/>
      <line num="105" type="stmt" count="23"/>
      <line num="106" type="stmt" count="23"/>
      <line num="107" type="stmt" count="23"/>
      <line num="108" type="stmt" count="23"/>
      <line num="109" type="stmt" count="23"/>
      <line num="112" type="method" name="getOptionsFromQueryBuilder" visibility="public" complexity="10" crap="10" count="4"/>
      <line num="114" type="stmt" count="4"/>
      <line num="116" type="stmt" count="4"/>
      <line num="117" type="stmt" count="4"/>
      <line num="118" type="stmt" count="4"/>
      <line num="120" type="stmt" count="4"/>
      <line num="122" type="stmt" count="4"/>
      <line num="123" type="stmt" count="4"/>
      <line num="125" type="stmt" count="4"/>
      <line num="126" type="stmt" count="4"/>
      <line num="129" type="stmt" count="4"/>
      <line num="130" type="stmt" count="2"/>
      <line num="131" type="stmt" count="2"/>
      <line num="132" type="stmt" count="2"/>
      <line num="135" type="stmt" count="2"/>
      <line num="138" type="method" name="isSelected" visibility="public" complexity="1" crap="1" count="21"/>
      <line num="140" type="stmt" count="21"/>
      <line num="143" type="method" name="nothingSelected" visibility="public" complexity="2" crap="2" count="13"/>
      <line num="145" type="stmt" count="13"/>
      <line num="148" type="method" name="shouldShowSyncField" visibility="public" complexity="3" crap="3" count="23"/>
      <line num="150" type="stmt" count="23"/>
      <metrics loc="153" ncloc="148" classes="1" methods="5" coveredmethods="4" conditionals="0" coveredconditionals="0" statements="46" coveredstatements="44" elements="51" coveredelements="48"/>
    </file>
    <file name="/home/runner/work/forms/forms/src/Views/Components/Select2.php">
      <class name="Javaabu\Forms\Views\Components\Select2" namespace="global">
        <metrics complexity="4" methods="2" coveredmethods="2" conditionals="0" coveredconditionals="0" statements="38" coveredstatements="38" elements="40" coveredelements="40"/>
      </class>
      <line num="24" type="method" name="__construct" visibility="public" complexity="3" crap="3" count="11"/>
      <line num="60" type="stmt" count="11"/>
      <line num="61" type="stmt" count="10"/>
      <line num="64" type="stmt" count="11"/>
      <line num="65" type="stmt" count="11"/>
      <line num="66" type="stmt" count="11"/>
      <line num="67" type="stmt" count="11"/>
      <line num="68" type="stmt" count="11"/>
      <line num="69" type="stmt" count="11"/>
      <line num="70" type="stmt" count="11"/>
      <line num="71" type="stmt" count="11"/>
      <line num="72" type="stmt" count="11"/>
      <line num="73" type="stmt" count="11"/>
      <line num="74" type="stmt" count="11"/>
      <line num="75" type="stmt" count="11"/>
      <line num="76" type="stmt" count="11"/>
      <line num="77" type="stmt" count="11"/>
      <line num="78" type="stmt" count="11"/>
      <line num="79" type="stmt" count="11"/>
      <line num="80" type="stmt" count="11"/>
      <line num="81" type="stmt" count="11"/>
      <line num="82" type="stmt" count="11"/>
      <line num="83" type="stmt" count="11"/>
      <line num="84" type="stmt" count="11"/>
      <line num="85" type="stmt" count="11"/>
      <line num="86" type="stmt" count="11"/>
      <line num="88" type="stmt" count="11"/>
      <line num="89" type="stmt" count="11"/>
      <line num="90" type="stmt" count="11"/>
      <line num="91" type="stmt" count="11"/>
      <line num="92" type="stmt" count="11"/>
      <line num="93" type="stmt" count="11"/>
      <line num="94" type="stmt" count="11"/>
      <line num="95" type="stmt" count="11"/>
      <line num="96" type="stmt" count="11"/>
      <line num="97" type="stmt" count="11"/>
      <line num="98" type="stmt" count="11"/>
      <line num="99" type="stmt" count="11"/>
      <line num="105" type="method" name="getNothingSelectedText" visibility="public" complexity="1" crap="1" count="10"/>
      <line num="107" type="stmt" count="10"/>
      <metrics loc="110" ncloc="102" classes="1" methods="2" coveredmethods="2" conditionals="0" coveredconditionals="0" statements="38" coveredstatements="38" elements="40" coveredelements="40"/>
    </file>
    <file name="/home/runner/work/forms/forms/src/Views/Components/Status.php">
      <class name="Javaabu\Forms\Views\Components\Status" namespace="global">
        <metrics complexity="1" methods="1" coveredmethods="1" conditionals="0" coveredconditionals="0" statements="1" coveredstatements="1" elements="2" coveredelements="2"/>
      </class>
      <line num="14" type="method" name="__construct" visibility="public" complexity="1" crap="1" count="7"/>
      <line num="19" type="stmt" count="7"/>
      <metrics loc="22" ncloc="17" classes="1" methods="1" coveredmethods="1" conditionals="0" coveredconditionals="0" statements="1" coveredstatements="1" elements="2" coveredelements="2"/>
    </file>
    <file name="/home/runner/work/forms/forms/src/Views/Components/Submit.php">
      <class name="Javaabu\Forms\Views\Components\Submit" namespace="global">
        <metrics complexity="1" methods="1" coveredmethods="1" conditionals="0" coveredconditionals="0" statements="1" coveredstatements="1" elements="2" coveredelements="2"/>
      </class>
      <line num="12" type="method" name="__construct" visibility="public" complexity="1" crap="1" count="22"/>
      <line num="16" type="stmt" count="22"/>
      <metrics loc="19" ncloc="14" classes="1" methods="1" coveredmethods="1" conditionals="0" coveredconditionals="0" statements="1" coveredstatements="1" elements="2" coveredelements="2"/>
    </file>
    <file name="/home/runner/work/forms/forms/src/Views/Components/Table.php">
      <class name="Javaabu\Forms\Views\Components\Table" namespace="global">
        <metrics complexity="1" methods="1" coveredmethods="1" conditionals="0" coveredconditionals="0" statements="8" coveredstatements="8" elements="9" coveredelements="9"/>
      </class>
      <line num="24" type="method" name="__construct" visibility="public" complexity="1" crap="1" count="4"/>
      <line num="34" type="stmt" count="4"/>
      <line num="35" type="stmt" count="4"/>
      <line num="36" type="stmt" count="4"/>
      <line num="37" type="stmt" count="4"/>
      <line num="38" type="stmt" count="4"/>
      <line num="39" type="stmt" count="4"/>
      <line num="40" type="stmt" count="4"/>
      <line num="41" type="stmt" count="4"/>
      <metrics loc="44" ncloc="39" classes="1" methods="1" coveredmethods="1" conditionals="0" coveredconditionals="0" statements="8" coveredstatements="8" elements="9" coveredelements="9"/>
    </file>
    <file name="/home/runner/work/forms/forms/src/Views/Components/Table/Cell.php">
      <class name="Javaabu\Forms\Views\Components\Table\Cell" namespace="global">
        <metrics complexity="3" methods="1" coveredmethods="1" conditionals="0" coveredconditionals="0" statements="6" coveredstatements="6" elements="7" coveredelements="7"/>
      </class>
      <line num="26" type="method" name="__construct" visibility="public" complexity="3" crap="3" count="13"/>
      <line num="35" type="stmt" count="13"/>
      <line num="37" type="stmt" count="13"/>
      <line num="38" type="stmt" count="13"/>
      <line num="39" type="stmt" count="13"/>
      <line num="40" type="stmt" count="13"/>
      <line num="41" type="stmt" count="13"/>
      <metrics loc="44" ncloc="39" classes="1" methods="1" coveredmethods="1" conditionals="0" coveredconditionals="0" statements="6" coveredstatements="6" elements="7" coveredelements="7"/>
    </file>
    <file name="/home/runner/work/forms/forms/src/Views/Components/Table/EmptyRow.php">
      <class name="Javaabu\Forms\Views\Components\Table\EmptyRow" namespace="global">
        <metrics complexity="1" methods="1" coveredmethods="1" conditionals="0" coveredconditionals="0" statements="3" coveredstatements="3" elements="4" coveredelements="4"/>
      </class>
      <line num="19" type="method" name="__construct" visibility="public" complexity="1" crap="1" count="4"/>
      <line num="24" type="stmt" count="4"/>
      <line num="25" type="stmt" count="4"/>
      <line num="26" type="stmt" count="4"/>
      <metrics loc="29" ncloc="24" classes="1" methods="1" coveredmethods="1" conditionals="0" coveredconditionals="0" statements="3" coveredstatements="3" elements="4" coveredelements="4"/>
    </file>
    <file name="/home/runner/work/forms/forms/src/Views/Components/Table/Heading.php">
      <class name="Javaabu\Forms\Views\Components\Table\Heading" namespace="global">
        <metrics complexity="5" methods="2" coveredmethods="1" conditionals="0" coveredconditionals="0" statements="11" coveredstatements="5" elements="13" coveredelements="6"/>
      </class>
      <line num="22" type="method" name="__construct" visibility="public" complexity="2" crap="2" count="4"/>
      <line num="29" type="stmt" count="4"/>
      <line num="30" type="stmt" count="4"/>
      <line num="31" type="stmt" count="4"/>
      <line num="32" type="stmt" count="4"/>
      <line num="33" type="stmt" count="4"/>
      <line num="42" type="method" name="addSortClass" visibility="public" complexity="3" crap="12" count="0"/>
      <line num="44" type="stmt" count="0"/>
      <line num="45" type="stmt" count="0"/>
      <line num="46" type="stmt" count="0"/>
      <line num="49" type="stmt" count="0"/>
      <line num="50" type="stmt" count="0"/>
      <line num="53" type="stmt" count="0"/>
      <metrics loc="56" ncloc="45" classes="1" methods="2" coveredmethods="1" conditionals="0" coveredconditionals="0" statements="11" coveredstatements="5" elements="13" coveredelements="6"/>
    </file>
    <file name="/home/runner/work/forms/forms/src/Views/Components/Table/Row.php">
      <class name="Javaabu\Forms\Views\Components\Table\Row" namespace="global">
        <metrics complexity="12" methods="4" coveredmethods="4" conditionals="0" coveredconditionals="0" statements="12" coveredstatements="12" elements="16" coveredelements="16"/>
      </class>
      <line num="24" type="method" name="__construct" visibility="public" complexity="5" crap="5" count="5"/>
      <line num="32" type="stmt" count="5"/>
      <line num="34" type="stmt" count="5"/>
      <line num="35" type="stmt" count="5"/>
      <line num="37" type="stmt" count="5"/>
      <line num="39" type="stmt" count="5"/>
      <line num="40" type="stmt" count="5"/>
      <line num="43" type="method" name="generateRowId" visibility="public" complexity="4" crap="4" count="5"/>
      <line num="45" type="stmt" count="5"/>
      <line num="46" type="stmt" count="5"/>
      <line num="50" type="method" name="getRowId" visibility="public" complexity="2" crap="2" count="5"/>
      <line num="52" type="stmt" count="5"/>
      <line num="53" type="stmt" count="5"/>
      <line num="56" type="stmt" count="5"/>
      <line num="59" type="method" name="getCheckboxId" visibility="public" complexity="1" crap="1" count="5"/>
      <line num="61" type="stmt" count="5"/>
      <metrics loc="64" ncloc="59" classes="1" methods="4" coveredmethods="4" conditionals="0" coveredconditionals="0" statements="12" coveredstatements="12" elements="16" coveredelements="16"/>
    </file>
    <file name="/home/runner/work/forms/forms/src/Views/Components/Tabs.php">
      <class name="Javaabu\Forms\Views\Components\Tabs" namespace="global">
        <metrics complexity="7" methods="4" coveredmethods="2" conditionals="0" coveredconditionals="0" statements="18" coveredstatements="16" elements="22" coveredelements="18"/>
      </class>
      <line num="20" type="method" name="__construct" visibility="public" complexity="3" crap="3.07" count="2"/>
      <line num="25" type="stmt" count="2"/>
      <line num="27" type="stmt" count="2"/>
      <line num="29" type="stmt" count="2"/>
      <line num="30" type="stmt" count="0"/>
      <line num="33" type="stmt" count="2"/>
      <line num="36" type="method" name="isActive" visibility="public" complexity="2" crap="6" count="0"/>
      <line num="38" type="stmt" count="0"/>
      <line num="41" type="method" name="generateSlotByName" visibility="public" complexity="1" crap="1" count="2"/>
      <line num="43" type="stmt" count="2"/>
      <line num="44" type="stmt" count="2"/>
      <line num="45" type="stmt" count="2"/>
      <line num="46" type="stmt" count="2"/>
      <line num="47" type="stmt" count="2"/>
      <line num="48" type="stmt" count="2"/>
      <line num="51" type="method" name="generateTitleByName" visibility="public" complexity="1" crap="1" count="2"/>
      <line num="53" type="stmt" count="2"/>
      <line num="54" type="stmt" count="2"/>
      <line num="55" type="stmt" count="2"/>
      <line num="56" type="stmt" count="2"/>
      <line num="57" type="stmt" count="2"/>
      <line num="58" type="stmt" count="2"/>
      <metrics loc="61" ncloc="56" classes="1" methods="4" coveredmethods="2" conditionals="0" coveredconditionals="0" statements="18" coveredstatements="16" elements="22" coveredelements="18"/>
    </file>
    <file name="/home/runner/work/forms/forms/src/Views/Components/Tabs/NavItem.php">
      <class name="Javaabu\Forms\Views\Components\Tabs\NavItem" namespace="global">
        <metrics complexity="1" methods="1" coveredmethods="1" conditionals="0" coveredconditionals="0" statements="1" coveredstatements="1" elements="2" coveredelements="2"/>
      </class>
      <line num="16" type="method" name="__construct" visibility="public" complexity="1" crap="1" count="2"/>
      <line num="26" type="stmt" count="2"/>
      <metrics loc="29" ncloc="24" classes="1" methods="1" coveredmethods="1" conditionals="0" coveredconditionals="0" statements="1" coveredstatements="1" elements="2" coveredelements="2"/>
    </file>
    <file name="/home/runner/work/forms/forms/src/Views/Components/Tabs/Pane.php">
      <class name="Javaabu\Forms\Views\Components\Tabs\Pane" namespace="global">
        <metrics complexity="3" methods="2" coveredmethods="2" conditionals="0" coveredconditionals="0" statements="2" coveredstatements="2" elements="4" coveredelements="4"/>
      </class>
      <line num="16" type="method" name="__construct" visibility="public" complexity="1" crap="1" count="2"/>
      <line num="22" type="stmt" count="2"/>
      <line num="25" type="method" name="labelledBy" visibility="public" complexity="2" crap="2" count="1"/>
      <line num="27" type="stmt" count="1"/>
      <metrics loc="30" ncloc="25" classes="1" methods="2" coveredmethods="2" conditionals="0" coveredconditionals="0" statements="2" coveredstatements="2" elements="4" coveredelements="4"/>
    </file>
    <file name="/home/runner/work/forms/forms/src/Views/Components/Tel.php">
      <class name="Javaabu\Forms\Views\Components\Tel" namespace="global">
        <metrics complexity="1" methods="1" coveredmethods="1" conditionals="0" coveredconditionals="0" statements="13" coveredstatements="13" elements="14" coveredelements="14"/>
      </class>
      <line num="12" type="method" name="__construct" visibility="public" complexity="1" crap="1" count="1"/>
      <line num="24" type="stmt" count="1"/>
      <line num="25" type="stmt" count="1"/>
      <line num="26" type="stmt" count="1"/>
      <line num="27" type="stmt" count="1"/>
      <line num="28" type="stmt" count="1"/>
      <line num="29" type="stmt" count="1"/>
      <line num="30" type="stmt" count="1"/>
      <line num="31" type="stmt" count="1"/>
      <line num="32" type="stmt" count="1"/>
      <line num="33" type="stmt" count="1"/>
      <line num="34" type="stmt" count="1"/>
      <line num="35" type="stmt" count="1"/>
      <line num="36" type="stmt" count="1"/>
      <metrics loc="39" ncloc="34" classes="1" methods="1" coveredmethods="1" conditionals="0" coveredconditionals="0" statements="13" coveredstatements="13" elements="14" coveredelements="14"/>
    </file>
    <file name="/home/runner/work/forms/forms/src/Views/Components/Text.php">
      <class name="Javaabu\Forms\Views\Components\Text" namespace="global">
        <metrics complexity="1" methods="1" coveredmethods="1" conditionals="0" coveredconditionals="0" statements="15" coveredstatements="15" elements="16" coveredelements="16"/>
      </class>
      <line num="12" type="method" name="__construct" visibility="public" complexity="1" crap="1" count="3"/>
      <line num="26" type="stmt" count="3"/>
      <line num="27" type="stmt" count="3"/>
      <line num="28" type="stmt" count="3"/>
      <line num="29" type="stmt" count="3"/>
      <line num="30" type="stmt" count="3"/>
      <line num="31" type="stmt" count="3"/>
      <line num="32" type="stmt" count="3"/>
      <line num="33" type="stmt" count="3"/>
      <line num="34" type="stmt" count="3"/>
      <line num="35" type="stmt" count="3"/>
      <line num="36" type="stmt" count="3"/>
      <line num="37" type="stmt" count="3"/>
      <line num="38" type="stmt" count="3"/>
      <line num="39" type="stmt" count="3"/>
      <line num="40" type="stmt" count="3"/>
      <metrics loc="43" ncloc="38" classes="1" methods="1" coveredmethods="1" conditionals="0" coveredconditionals="0" statements="15" coveredstatements="15" elements="16" coveredelements="16"/>
    </file>
    <file name="/home/runner/work/forms/forms/src/Views/Components/TextEntry.php">
      <class name="Javaabu\Forms\Views\Components\TextEntry" namespace="global">
        <metrics complexity="3" methods="1" coveredmethods="1" conditionals="0" coveredconditionals="0" statements="7" coveredstatements="7" elements="8" coveredelements="8"/>
      </class>
      <line num="26" type="method" name="__construct" visibility="public" complexity="3" crap="3" count="9"/>
      <line num="37" type="stmt" count="9"/>
      <line num="39" type="stmt" count="9"/>
      <line num="40" type="stmt" count="9"/>
      <line num="41" type="stmt" count="9"/>
      <line num="42" type="stmt" count="9"/>
      <line num="43" type="stmt" count="9"/>
      <line num="44" type="stmt" count="9"/>
      <metrics loc="47" ncloc="42" classes="1" methods="1" coveredmethods="1" conditionals="0" coveredconditionals="0" statements="7" coveredstatements="7" elements="8" coveredelements="8"/>
    </file>
    <file name="/home/runner/work/forms/forms/src/Views/Components/Textarea.php">
      <class name="Javaabu\Forms\Views\Components\Textarea" namespace="global">
        <metrics complexity="2" methods="1" coveredmethods="1" conditionals="0" coveredconditionals="0" statements="18" coveredstatements="18" elements="19" coveredelements="19"/>
      </class>
      <line num="16" type="method" name="__construct" visibility="public" complexity="2" crap="2" count="6"/>
      <line num="33" type="stmt" count="6"/>
      <line num="34" type="stmt" count="6"/>
      <line num="35" type="stmt" count="6"/>
      <line num="36" type="stmt" count="6"/>
      <line num="37" type="stmt" count="6"/>
      <line num="38" type="stmt" count="6"/>
      <line num="39" type="stmt" count="6"/>
      <line num="40" type="stmt" count="6"/>
      <line num="41" type="stmt" count="6"/>
      <line num="42" type="stmt" count="6"/>
      <line num="43" type="stmt" count="6"/>
      <line num="44" type="stmt" count="6"/>
      <line num="45" type="stmt" count="6"/>
      <line num="46" type="stmt" count="6"/>
      <line num="47" type="stmt" count="6"/>
      <line num="49" type="stmt" count="6"/>
      <line num="51" type="stmt" count="6"/>
      <line num="52" type="stmt" count="2"/>
      <metrics loc="56" ncloc="51" classes="1" methods="1" coveredmethods="1" conditionals="0" coveredconditionals="0" statements="18" coveredstatements="18" elements="19" coveredelements="19"/>
    </file>
    <file name="/home/runner/work/forms/forms/src/Views/Components/Time.php">
      <class name="Javaabu\Forms\Views\Components\Time" namespace="global">
        <metrics complexity="3" methods="2" coveredmethods="2" conditionals="0" coveredconditionals="0" statements="21" coveredstatements="21" elements="23" coveredelements="23"/>
      </class>
      <line num="12" type="method" name="__construct" visibility="public" complexity="2" crap="2" count="1"/>
      <line num="29" type="stmt" count="1"/>
      <line num="30" type="stmt" count="1"/>
      <line num="31" type="stmt" count="1"/>
      <line num="32" type="stmt" count="1"/>
      <line num="33" type="stmt" count="1"/>
      <line num="34" type="stmt" count="1"/>
      <line num="35" type="stmt" count="1"/>
      <line num="36" type="stmt" count="1"/>
      <line num="37" type="stmt" count="1"/>
      <line num="38" type="stmt" count="1"/>
      <line num="39" type="stmt" count="1"/>
      <line num="40" type="stmt" count="1"/>
      <line num="41" type="stmt" count="1"/>
      <line num="42" type="stmt" count="1"/>
      <line num="43" type="stmt" count="1"/>
      <line num="44" type="stmt" count="1"/>
      <line num="45" type="stmt" count="1"/>
      <line num="46" type="stmt" count="1"/>
      <line num="48" type="stmt" count="1"/>
      <line num="49" type="stmt" count="1"/>
      <line num="53" type="method" name="datePickerClass" visibility="public" complexity="1" crap="1" count="1"/>
      <line num="55" type="stmt" count="1"/>
      <metrics loc="58" ncloc="53" classes="1" methods="2" coveredmethods="2" conditionals="0" coveredconditionals="0" statements="21" coveredstatements="21" elements="23" coveredelements="23"/>
    </file>
    <file name="/home/runner/work/forms/forms/src/Views/Components/Url.php">
      <class name="Javaabu\Forms\Views\Components\Url" namespace="global">
        <metrics complexity="1" methods="1" coveredmethods="1" conditionals="0" coveredconditionals="0" statements="15" coveredstatements="15" elements="16" coveredelements="16"/>
      </class>
      <line num="12" type="method" name="__construct" visibility="public" complexity="1" crap="1" count="1"/>
      <line num="26" type="stmt" count="1"/>
      <line num="27" type="stmt" count="1"/>
      <line num="28" type="stmt" count="1"/>
      <line num="29" type="stmt" count="1"/>
      <line num="30" type="stmt" count="1"/>
      <line num="31" type="stmt" count="1"/>
      <line num="32" type="stmt" count="1"/>
      <line num="33" type="stmt" count="1"/>
      <line num="34" type="stmt" count="1"/>
      <line num="35" type="stmt" count="1"/>
      <line num="36" type="stmt" count="1"/>
      <line num="37" type="stmt" count="1"/>
      <line num="38" type="stmt" count="1"/>
      <line num="39" type="stmt" count="1"/>
      <line num="40" type="stmt" count="1"/>
      <metrics loc="43" ncloc="38" classes="1" methods="1" coveredmethods="1" conditionals="0" coveredconditionals="0" statements="15" coveredstatements="15" elements="16" coveredelements="16"/>
    </file>
    <file name="/home/runner/work/forms/forms/src/Views/Components/Wysiwyg.php">
      <class name="Javaabu\Forms\Views\Components\Wysiwyg" namespace="global">
        <metrics complexity="1" methods="1" coveredmethods="1" conditionals="0" coveredconditionals="0" statements="17" coveredstatements="17" elements="18" coveredelements="18"/>
      </class>
      <line num="12" type="method" name="__construct" visibility="public" complexity="1" crap="1" count="1"/>
      <line num="28" type="stmt" count="1"/>
      <line num="29" type="stmt" count="1"/>
      <line num="30" type="stmt" count="1"/>
      <line num="31" type="stmt" count="1"/>
      <line num="32" type="stmt" count="1"/>
      <line num="33" type="stmt" count="1"/>
      <line num="34" type="stmt" count="1"/>
      <line num="35" type="stmt" count="1"/>
      <line num="36" type="stmt" count="1"/>
      <line num="37" type="stmt" count="1"/>
      <line num="38" type="stmt" count="1"/>
      <line num="39" type="stmt" count="1"/>
      <line num="40" type="stmt" count="1"/>
      <line num="41" type="stmt" count="1"/>
      <line num="42" type="stmt" count="1"/>
      <line num="43" type="stmt" count="1"/>
      <line num="44" type="stmt" count="1"/>
      <metrics loc="47" ncloc="42" classes="1" methods="1" coveredmethods="1" conditionals="0" coveredconditionals="0" statements="17" coveredstatements="17" elements="18" coveredelements="18"/>
    </file>
    <metrics files="72" loc="5344" ncloc="4841" classes="65" methods="132" coveredmethods="102" conditionals="0" coveredconditionals="0" statements="855" coveredstatements="791" elements="987" coveredelements="893"/>
  </project>
</coverage>
